2021-01-31 03:06:03,414 | ERROR    | blue.user:delete_user:266 - 'list' object has no attribute 'id'
2021-01-31 03:13:49,424 | ERROR    | blue.user:delete_user:271 - (sqlite3.InterfaceError) Error binding parameter 0 - probably unsupported type.
[SQL: SELECT article.id AS article_id 
FROM article 
WHERE article.user_id = ?]
[parameters: (('6c625c586ce847c5a0e593b06e490e9e',),)]
(Background on this error at: http://sqlalche.me/e/13/rvf5)
2021-01-31 03:15:07,177 | ERROR    | blue.user:delete_user:272 - 'list' object has no attribute 'id'
2021-01-31 03:17:37,381 | ERROR    | blue.user:delete_user:272 - 'result' object has no attribute '__table__'
2021-01-31 03:19:32,059 | INFO     | blue.video:add_site:79 - https://www.bilibili.com/bangumi/media/md28231850/
2021-01-31 03:50:35,571 | INFO     | blue.user:delete_user:256 - delete user 6c625c586ce847c5a0e593b06e490e9e
2021-01-31 03:50:35,573 | INFO     | blue.user:delete_user:262 - delete user 6c625c586ce847c5a0e593b06e490e9e article: [4]
2021-01-31 03:50:35,575 | INFO     | blue.user:delete_user:268 - delete user 6c625c586ce847c5a0e593b06e490e9e video: [37, 38]
2021-01-31 03:50:35,576 | INFO     | blue.user:delete_user:273 - delete user 6c625c586ce847c5a0e593b06e490e9e data
2021-01-31 04:01:00,708 | INFO     | blue.video:add_site:79 - https://www.bilibili.com/bangumi/media/md28231929/
2021-01-31 04:04:12,763 | INFO     | schedule.article:article_check:125 - ==> article check...
2021-01-31 04:04:12,769 | INFO     | schedule.video:video_check:274 - ==> video check...
2021-01-31 04:04:12,846 | ERROR    | schedule.article:get_site_new_article_msg:71 - https://lorexxar.cn/HTTPSConnectionPool(host='lorexxar.cn', port=443): Max retries exceeded with url: / (Caused by NewConnectionError('<urllib3.connection.HTTPSConnection object at 0x102f07850>: Failed to establish a new connection: [Errno 8] nodename nor servname provided, or not known'))
2021-01-31 04:04:13,727 | INFO     | schedule.video:check:126 - Video check: 罗翔说刑法 获取 2 个新资源
2021-01-31 04:04:14,559 | INFO     | schedule.article:check:122 - Article check: xxxxx 获取 184 个新资源
2021-01-31 04:04:16,985 | INFO     | schedule.video:check:126 - Video check: 工作细胞BLACK 获取 1 个新资源
2021-01-31 04:04:19,720 | INFO     | schedule.video:check:126 - Video check: 怪病医拉姆尼 获取 4 个新资源
2021-01-31 04:05:12,772 | INFO     | schedule.article:article_check:125 - ==> article check...
2021-01-31 04:05:12,773 | INFO     | schedule.video:video_check:274 - ==> video check...
2021-01-31 04:05:12,805 | ERROR    | schedule.article:get_site_new_article_msg:71 - https://lorexxar.cn/HTTPSConnectionPool(host='lorexxar.cn', port=443): Max retries exceeded with url: / (Caused by NewConnectionError('<urllib3.connection.HTTPSConnection object at 0x1040d5b80>: Failed to establish a new connection: [Errno 8] nodename nor servname provided, or not known'))
2021-01-31 04:06:12,763 | INFO     | schedule.article:article_check:125 - ==> article check...
2021-01-31 04:06:12,764 | INFO     | schedule.video:video_check:274 - ==> video check...
2021-01-31 04:06:12,803 | ERROR    | schedule.article:get_site_new_article_msg:71 - https://lorexxar.cn/HTTPSConnectionPool(host='lorexxar.cn', port=443): Max retries exceeded with url: / (Caused by NewConnectionError('<urllib3.connection.HTTPSConnection object at 0x1040e59d0>: Failed to establish a new connection: [Errno 8] nodename nor servname provided, or not known'))
2021-01-31 04:07:12,764 | INFO     | schedule.article:article_check:125 - ==> article check...
2021-01-31 04:07:12,767 | INFO     | schedule.video:video_check:274 - ==> video check...
2021-01-31 04:07:12,795 | ERROR    | schedule.article:get_site_new_article_msg:71 - https://lorexxar.cn/HTTPSConnectionPool(host='lorexxar.cn', port=443): Max retries exceeded with url: / (Caused by NewConnectionError('<urllib3.connection.HTTPSConnection object at 0x10409dee0>: Failed to establish a new connection: [Errno 8] nodename nor servname provided, or not known'))
2021-01-31 04:08:12,762 | INFO     | schedule.article:article_check:125 - ==> article check...
2021-01-31 04:08:12,764 | INFO     | schedule.video:video_check:274 - ==> video check...
2021-01-31 04:08:12,794 | ERROR    | schedule.article:get_site_new_article_msg:71 - https://lorexxar.cn/HTTPSConnectionPool(host='lorexxar.cn', port=443): Max retries exceeded with url: / (Caused by NewConnectionError('<urllib3.connection.HTTPSConnection object at 0x104058dc0>: Failed to establish a new connection: [Errno 8] nodename nor servname provided, or not known'))
2021-01-31 04:08:20,322 | ERROR    | blue.user:delete_user:275 - name 'article_id_list' is not defined
2021-01-31 04:09:03,869 | INFO     | blue.user:delete_user:256 - delete user 75332d47a79c4e4e89fadd5e32e1639c
2021-01-31 04:09:03,872 | INFO     | blue.user:delete_user:262 - delete user 75332d47a79c4e4e89fadd5e32e1639c article: [3]
2021-01-31 04:09:03,874 | INFO     | blue.user:delete_user:268 - delete user 75332d47a79c4e4e89fadd5e32e1639c video: [37]
2021-01-31 04:09:03,876 | INFO     | blue.user:delete_user:273 - delete user 75332d47a79c4e4e89fadd5e32e1639c data
2021-01-31 04:09:12,762 | INFO     | schedule.article:article_check:125 - ==> article check...
2021-01-31 04:09:12,763 | INFO     | schedule.video:video_check:274 - ==> video check...
2021-01-31 04:09:12,792 | ERROR    | schedule.article:get_site_new_article_msg:71 - https://lorexxar.cn/HTTPSConnectionPool(host='lorexxar.cn', port=443): Max retries exceeded with url: / (Caused by NewConnectionError('<urllib3.connection.HTTPSConnection object at 0x1040e5640>: Failed to establish a new connection: [Errno 8] nodename nor servname provided, or not known'))
2021-01-31 04:10:12,762 | INFO     | schedule.article:article_check:125 - ==> article check...
2021-01-31 04:10:12,764 | INFO     | schedule.video:video_check:274 - ==> video check...
2021-01-31 04:10:12,796 | ERROR    | schedule.article:get_site_new_article_msg:71 - https://lorexxar.cn/HTTPSConnectionPool(host='lorexxar.cn', port=443): Max retries exceeded with url: / (Caused by NewConnectionError('<urllib3.connection.HTTPSConnection object at 0x102f91850>: Failed to establish a new connection: [Errno 8] nodename nor servname provided, or not known'))
2021-01-31 04:11:12,765 | INFO     | schedule.article:article_check:125 - ==> article check...
2021-01-31 04:11:12,768 | INFO     | schedule.video:video_check:274 - ==> video check...
2021-01-31 04:11:12,803 | ERROR    | schedule.article:get_site_new_article_msg:71 - https://lorexxar.cn/HTTPSConnectionPool(host='lorexxar.cn', port=443): Max retries exceeded with url: / (Caused by NewConnectionError('<urllib3.connection.HTTPSConnection object at 0x1040677c0>: Failed to establish a new connection: [Errno 8] nodename nor servname provided, or not known'))
2021-01-31 04:11:13,820 | INFO     | schedule.video:check:126 - Video check: 罗翔说刑法 获取 2 个新资源
2021-01-31 04:11:16,670 | INFO     | schedule.video:check:126 - Video check: 工作细胞BLACK 获取 1 个新资源
2021-01-31 04:13:50,617 | INFO     | schedule.article:article_check:125 - ==> article check...
2021-01-31 04:13:50,623 | INFO     | schedule.video:video_check:274 - ==> video check...
2021-01-31 04:13:50,679 | ERROR    | schedule.article:get_site_new_article_msg:71 - https://lorexxar.cn/HTTPSConnectionPool(host='lorexxar.cn', port=443): Max retries exceeded with url: / (Caused by NewConnectionError('<urllib3.connection.HTTPSConnection object at 0x1034a4610>: Failed to establish a new connection: [Errno 8] nodename nor servname provided, or not known'))
2021-01-31 04:14:50,616 | INFO     | schedule.article:article_check:125 - ==> article check...
2021-01-31 04:14:50,618 | INFO     | schedule.video:video_check:274 - ==> video check...
2021-01-31 04:14:50,644 | ERROR    | schedule.article:get_site_new_article_msg:71 - https://lorexxar.cn/HTTPSConnectionPool(host='lorexxar.cn', port=443): Max retries exceeded with url: / (Caused by NewConnectionError('<urllib3.connection.HTTPSConnection object at 0x1035b8a60>: Failed to establish a new connection: [Errno 8] nodename nor servname provided, or not known'))
2021-01-31 04:15:50,617 | INFO     | schedule.article:article_check:125 - ==> article check...
2021-01-31 04:15:50,620 | INFO     | schedule.video:video_check:274 - ==> video check...
2021-01-31 04:15:50,644 | ERROR    | schedule.article:get_site_new_article_msg:71 - https://lorexxar.cn/HTTPSConnectionPool(host='lorexxar.cn', port=443): Max retries exceeded with url: / (Caused by NewConnectionError('<urllib3.connection.HTTPSConnection object at 0x1035a46a0>: Failed to establish a new connection: [Errno 8] nodename nor servname provided, or not known'))
2021-01-31 04:16:50,617 | INFO     | schedule.article:article_check:125 - ==> article check...
2021-01-31 04:16:50,619 | INFO     | schedule.video:video_check:274 - ==> video check...
2021-01-31 04:16:50,644 | ERROR    | schedule.article:get_site_new_article_msg:71 - https://lorexxar.cn/HTTPSConnectionPool(host='lorexxar.cn', port=443): Max retries exceeded with url: / (Caused by NewConnectionError('<urllib3.connection.HTTPSConnection object at 0x103519250>: Failed to establish a new connection: [Errno 8] nodename nor servname provided, or not known'))
2021-01-31 04:17:50,617 | INFO     | schedule.article:article_check:125 - ==> article check...
2021-01-31 04:17:50,619 | INFO     | schedule.video:video_check:274 - ==> video check...
2021-01-31 04:17:50,645 | ERROR    | schedule.article:get_site_new_article_msg:71 - https://lorexxar.cn/HTTPSConnectionPool(host='lorexxar.cn', port=443): Max retries exceeded with url: / (Caused by NewConnectionError('<urllib3.connection.HTTPSConnection object at 0x1034a4670>: Failed to establish a new connection: [Errno 8] nodename nor servname provided, or not known'))
2021-01-31 04:18:50,617 | INFO     | schedule.article:article_check:125 - ==> article check...
2021-01-31 04:18:50,619 | INFO     | schedule.video:video_check:274 - ==> video check...
2021-01-31 04:18:50,648 | ERROR    | schedule.article:get_site_new_article_msg:71 - https://lorexxar.cn/HTTPSConnectionPool(host='lorexxar.cn', port=443): Max retries exceeded with url: / (Caused by NewConnectionError('<urllib3.connection.HTTPSConnection object at 0x1035a5520>: Failed to establish a new connection: [Errno 8] nodename nor servname provided, or not known'))
2021-01-31 04:19:50,617 | INFO     | schedule.article:article_check:125 - ==> article check...
2021-01-31 04:19:50,619 | INFO     | schedule.video:video_check:274 - ==> video check...
2021-01-31 04:19:50,645 | ERROR    | schedule.article:get_site_new_article_msg:71 - https://lorexxar.cn/HTTPSConnectionPool(host='lorexxar.cn', port=443): Max retries exceeded with url: / (Caused by NewConnectionError('<urllib3.connection.HTTPSConnection object at 0x10348fe80>: Failed to establish a new connection: [Errno 8] nodename nor servname provided, or not known'))
2021-01-31 04:20:50,618 | INFO     | schedule.article:article_check:125 - ==> article check...
2021-01-31 04:20:50,621 | INFO     | schedule.video:video_check:274 - ==> video check...
2021-01-31 04:20:50,667 | ERROR    | schedule.article:get_site_new_article_msg:71 - https://lorexxar.cn/HTTPSConnectionPool(host='lorexxar.cn', port=443): Max retries exceeded with url: / (Caused by NewConnectionError('<urllib3.connection.HTTPSConnection object at 0x1034943a0>: Failed to establish a new connection: [Errno 8] nodename nor servname provided, or not known'))
2021-01-31 04:21:50,617 | INFO     | schedule.article:article_check:125 - ==> article check...
2021-01-31 04:21:50,618 | INFO     | schedule.video:video_check:274 - ==> video check...
2021-01-31 04:21:50,672 | ERROR    | schedule.article:get_site_new_article_msg:71 - https://lorexxar.cn/HTTPSConnectionPool(host='lorexxar.cn', port=443): Max retries exceeded with url: / (Caused by NewConnectionError('<urllib3.connection.HTTPSConnection object at 0x103494460>: Failed to establish a new connection: [Errno 8] nodename nor servname provided, or not known'))
2021-01-31 04:22:50,617 | INFO     | schedule.article:article_check:125 - ==> article check...
2021-01-31 04:22:50,618 | INFO     | schedule.video:video_check:274 - ==> video check...
2021-01-31 04:22:50,643 | ERROR    | schedule.article:get_site_new_article_msg:71 - https://lorexxar.cn/HTTPSConnectionPool(host='lorexxar.cn', port=443): Max retries exceeded with url: / (Caused by NewConnectionError('<urllib3.connection.HTTPSConnection object at 0x103519d90>: Failed to establish a new connection: [Errno 8] nodename nor servname provided, or not known'))
2021-01-31 04:23:50,620 | INFO     | schedule.article:article_check:125 - ==> article check...
2021-01-31 04:23:50,622 | INFO     | schedule.video:video_check:274 - ==> video check...
2021-01-31 04:23:50,649 | ERROR    | schedule.article:get_site_new_article_msg:71 - https://lorexxar.cn/HTTPSConnectionPool(host='lorexxar.cn', port=443): Max retries exceeded with url: / (Caused by NewConnectionError('<urllib3.connection.HTTPSConnection object at 0x10465c310>: Failed to establish a new connection: [Errno 8] nodename nor servname provided, or not known'))
2021-01-31 04:24:50,620 | INFO     | schedule.article:article_check:125 - ==> article check...
2021-01-31 04:24:50,622 | INFO     | schedule.video:video_check:274 - ==> video check...
2021-01-31 04:24:50,649 | ERROR    | schedule.article:get_site_new_article_msg:71 - https://lorexxar.cn/HTTPSConnectionPool(host='lorexxar.cn', port=443): Max retries exceeded with url: / (Caused by NewConnectionError('<urllib3.connection.HTTPSConnection object at 0x1035df640>: Failed to establish a new connection: [Errno 8] nodename nor servname provided, or not known'))
2021-01-31 04:25:50,617 | INFO     | schedule.article:article_check:125 - ==> article check...
2021-01-31 04:25:50,619 | INFO     | schedule.video:video_check:274 - ==> video check...
2021-01-31 04:25:50,647 | ERROR    | schedule.article:get_site_new_article_msg:71 - https://lorexxar.cn/HTTPSConnectionPool(host='lorexxar.cn', port=443): Max retries exceeded with url: / (Caused by NewConnectionError('<urllib3.connection.HTTPSConnection object at 0x1034f1e50>: Failed to establish a new connection: [Errno 8] nodename nor servname provided, or not known'))
2021-01-31 04:26:50,617 | INFO     | schedule.article:article_check:125 - ==> article check...
2021-01-31 04:26:50,619 | INFO     | schedule.video:video_check:274 - ==> video check...
2021-01-31 04:26:50,645 | ERROR    | schedule.article:get_site_new_article_msg:71 - https://lorexxar.cn/HTTPSConnectionPool(host='lorexxar.cn', port=443): Max retries exceeded with url: / (Caused by NewConnectionError('<urllib3.connection.HTTPSConnection object at 0x103484160>: Failed to establish a new connection: [Errno 8] nodename nor servname provided, or not known'))
2021-01-31 04:27:50,617 | INFO     | schedule.article:article_check:125 - ==> article check...
2021-01-31 04:27:50,617 | INFO     | schedule.video:video_check:274 - ==> video check...
2021-01-31 04:28:50,620 | INFO     | schedule.article:article_check:125 - ==> article check...
2021-01-31 04:28:50,622 | INFO     | schedule.video:video_check:274 - ==> video check...
2021-01-31 04:29:50,618 | INFO     | schedule.article:article_check:125 - ==> article check...
2021-01-31 04:29:50,621 | INFO     | schedule.video:video_check:274 - ==> video check...
2021-01-31 04:30:50,617 | INFO     | schedule.article:article_check:125 - ==> article check...
2021-01-31 04:30:50,619 | INFO     | schedule.video:video_check:274 - ==> video check...
2021-01-31 04:31:50,619 | INFO     | schedule.article:article_check:125 - ==> article check...
2021-01-31 04:31:50,621 | INFO     | schedule.video:video_check:274 - ==> video check...
2021-01-31 04:32:50,618 | INFO     | schedule.article:article_check:125 - ==> article check...
2021-01-31 04:32:50,620 | INFO     | schedule.video:video_check:274 - ==> video check...
2021-01-31 04:33:50,617 | INFO     | schedule.article:article_check:125 - ==> article check...
2021-01-31 04:33:50,619 | INFO     | schedule.video:video_check:274 - ==> video check...
2021-01-31 04:34:50,617 | INFO     | schedule.article:article_check:125 - ==> article check...
2021-01-31 04:34:50,618 | INFO     | schedule.video:video_check:274 - ==> video check...
2021-01-31 04:35:50,620 | INFO     | schedule.article:article_check:125 - ==> article check...
2021-01-31 04:35:50,622 | INFO     | schedule.video:video_check:274 - ==> video check...
2021-01-31 04:36:50,617 | INFO     | schedule.article:article_check:125 - ==> article check...
2021-01-31 04:36:50,618 | INFO     | schedule.video:video_check:274 - ==> video check...
2021-01-31 04:37:50,618 | INFO     | schedule.article:article_check:125 - ==> article check...
2021-01-31 04:37:50,619 | INFO     | schedule.video:video_check:274 - ==> video check...
2021-01-31 04:38:50,617 | INFO     | schedule.article:article_check:125 - ==> article check...
2021-01-31 04:38:50,618 | INFO     | schedule.video:video_check:274 - ==> video check...
2021-01-31 04:39:50,620 | INFO     | schedule.article:article_check:125 - ==> article check...
2021-01-31 04:39:50,622 | INFO     | schedule.video:video_check:274 - ==> video check...
2021-01-31 04:40:50,617 | INFO     | schedule.article:article_check:125 - ==> article check...
2021-01-31 04:40:50,619 | INFO     | schedule.video:video_check:274 - ==> video check...
2021-01-31 04:41:50,617 | INFO     | schedule.article:article_check:125 - ==> article check...
2021-01-31 04:41:50,618 | INFO     | schedule.video:video_check:274 - ==> video check...
2021-01-31 04:42:50,619 | INFO     | schedule.article:article_check:125 - ==> article check...
2021-01-31 04:42:50,619 | INFO     | schedule.video:video_check:274 - ==> video check...
2021-01-31 04:43:50,619 | INFO     | schedule.article:article_check:125 - ==> article check...
2021-01-31 04:43:50,621 | INFO     | schedule.video:video_check:274 - ==> video check...
2021-01-31 04:44:50,618 | INFO     | schedule.article:article_check:125 - ==> article check...
2021-01-31 04:44:50,619 | INFO     | schedule.video:video_check:274 - ==> video check...
2021-01-31 04:45:50,619 | INFO     | schedule.article:article_check:125 - ==> article check...
2021-01-31 04:45:50,619 | INFO     | schedule.video:video_check:274 - ==> video check...
2021-01-31 04:46:50,617 | INFO     | schedule.article:article_check:125 - ==> article check...
2021-01-31 04:46:50,619 | INFO     | schedule.video:video_check:274 - ==> video check...
2021-01-31 04:47:50,617 | INFO     | schedule.article:article_check:125 - ==> article check...
2021-01-31 04:47:50,619 | INFO     | schedule.video:video_check:274 - ==> video check...
2021-01-31 04:48:50,617 | INFO     | schedule.article:article_check:125 - ==> article check...
2021-01-31 04:48:50,619 | INFO     | schedule.video:video_check:274 - ==> video check...
2021-01-31 04:49:50,619 | INFO     | schedule.article:article_check:125 - ==> article check...
2021-01-31 04:49:50,621 | INFO     | schedule.video:video_check:274 - ==> video check...
2021-01-31 04:50:50,616 | INFO     | schedule.article:article_check:125 - ==> article check...
2021-01-31 04:50:50,619 | INFO     | schedule.video:video_check:274 - ==> video check...
2021-01-31 04:51:50,619 | INFO     | schedule.article:article_check:125 - ==> article check...
2021-01-31 04:51:50,621 | INFO     | schedule.video:video_check:274 - ==> video check...
